<?xml version="1.0" encoding="UTF-8" ?>
<testsuite errors="0" failures="0" hostname="DanielWang-Laptop" name="simpledb.HeapFileReadTest" skipped="0" tests="6" time="0.175" timestamp="2022-02-13T05:58:50">
  <properties>
    <property name="testd" value="C:\Users\danie\OneDrive - Northwestern University\Desktop\2021-2022 Academic Year\Winter 2022\Comp_Sci 339\Lab 2\comp_sci-339-lab1\test" />
    <property name="ant.library.dir" value="C:\Program Files\JetBrains\IntelliJ IDEA 2021.3.2\lib\ant\lib" />
    <property name="sourceversion" value="1.8" />
    <property name="ant.file.type" value="file" />
    <property name="java.specification.version" value="14" />
    <property name="lib" value="C:\Users\danie\OneDrive - Northwestern University\Desktop\2021-2022 Academic Year\Winter 2022\Comp_Sci 339\Lab 2\comp_sci-339-lab1\lib" />
    <property name="ant.project.name" value="simpledb" />
    <property name="sun.cpu.isalist" value="amd64" />
    <property name="sun.jnu.encoding" value="GBK" />
    <property name="java.class.path" value="C:\Users\danie\OneDrive - Northwestern University\Desktop\2021-2022 Academic Year\Winter 2022\Comp_Sci 339\Lab 2\comp_sci-339-lab1\bin\src;C:\Users\danie\OneDrive - Northwestern University\Desktop\2021-2022 Academic Year\Winter 2022\Comp_Sci 339\Lab 2\comp_sci-339-lab1\lib\jline-0.9.94.jar;C:\Users\danie\OneDrive - Northwestern University\Desktop\2021-2022 Academic Year\Winter 2022\Comp_Sci 339\Lab 2\comp_sci-339-lab1\bin\test;C:\Users\danie\OneDrive - Northwestern University\Desktop\2021-2022 Academic Year\Winter 2022\Comp_Sci 339\Lab 2\comp_sci-339-lab1\lib\junit-4.13.1.jar;C:\Users\danie\OneDrive - Northwestern University\Desktop\2021-2022 Academic Year\Winter 2022\Comp_Sci 339\Lab 2\comp_sci-339-lab1\lib\hamcrest-core-1.3.jar;C:\Program Files\JetBrains\IntelliJ IDEA 2021.3.2\lib\ant\lib\ant-launcher.jar;C:\Program Files\JetBrains\IntelliJ IDEA 2021.3.2\lib\ant\lib\ant.jar;C:\Program Files\JetBrains\IntelliJ IDEA 2021.3.2\lib\ant\lib\ant-junit.jar;C:\Program Files\JetBrains\IntelliJ IDEA 2021.3.2\lib\ant\lib\ant-junit4.jar" />
    <property name="dist" value="C:\Users\danie\OneDrive - Northwestern University\Desktop\2021-2022 Academic Year\Winter 2022\Comp_Sci 339\Lab 2\comp_sci-339-lab1\dist" />
    <property name="build.src" value="C:\Users\danie\OneDrive - Northwestern University\Desktop\2021-2022 Academic Year\Winter 2022\Comp_Sci 339\Lab 2\comp_sci-339-lab1\bin\src" />
    <property name="java.vm.vendor" value="Oracle Corporation" />
    <property name="test.reports" value="C:\Users\danie\OneDrive - Northwestern University\Desktop\2021-2022 Academic Year\Winter 2022\Comp_Sci 339\Lab 2\comp_sci-339-lab1\testreport" />
    <property name="ant.file.simpledb" value="C:\Users\danie\OneDrive - Northwestern University\Desktop\2021-2022 Academic Year\Winter 2022\Comp_Sci 339\Lab 2\comp_sci-339-lab1\build.xml" />
    <property name="sun.arch.data.model" value="64" />
    <property name="user.variant" value="" />
    <property name="compile.debug" value="true" />
    <property name="java.vendor.url" value="https://java.oracle.com/" />
    <property name="java.vm.specification.version" value="14" />
    <property name="os.name" value="Windows 10" />
    <property name="sun.java.launcher" value="SUN_STANDARD" />
    <property name="user.country" value="US" />
    <property name="sun.boot.library.path" value="C:\Program Files\Java\jdk-14.0.2\bin" />
    <property name="sun.java.command" value="org.apache.tools.ant.taskdefs.optional.junit.JUnitTestRunner simpledb.HeapFileReadTest skipNonTests=false filtertrace=true haltOnError=false haltOnFailure=false formatter=org.apache.tools.ant.taskdefs.optional.junit.SummaryJUnitResultFormatter showoutput=false outputtoformatters=true logfailedtests=true threadid=0 logtestlistenerevents=false formatter=org.apache.tools.ant.taskdefs.optional.junit.PlainJUnitResultFormatter formatter=org.apache.tools.ant.taskdefs.optional.junit.XMLJUnitResultFormatter,C:\Users\danie\OneDrive - Northwestern University\Desktop\2021-2022 Academic Year\Winter 2022\Comp_Sci 339\Lab 2\comp_sci-339-lab1\testreport\TEST-simpledb.HeapFileReadTest.xml formatter=org.apache.tools.ant.taskdefs.optional.junit.PlainJUnitResultFormatter,C:\Users\danie\OneDrive - Northwestern University\Desktop\2021-2022 Academic Year\Winter 2022\Comp_Sci 339\Lab 2\comp_sci-339-lab1\testreport\TEST-simpledb.HeapFileReadTest.txt crashfile=C:\Users\danie\OneDrive - Northwestern University\Desktop\2021-2022 Academic Year\Winter 2022\Comp_Sci 339\Lab 2\comp_sci-339-lab1\junitvmwatcher15525534957079155935.properties propsfile=C:\Users\danie\OneDrive - Northwestern University\Desktop\2021-2022 Academic Year\Winter 2022\Comp_Sci 339\Lab 2\comp_sci-339-lab1\junit656880703622898010.properties" />
    <property name="jdk.debug" value="release" />
    <property name="sun.cpu.endian" value="little" />
    <property name="user.home" value="C:\Users\danie" />
    <property name="user.language" value="en" />
    <property name="java.specification.vendor" value="Oracle Corporation" />
    <property name="java.version.date" value="2020-07-14" />
    <property name="java.home" value="C:\Program Files\Java\jdk-14.0.2" />
    <property name="basedir" value="C:\Users\danie\OneDrive - Northwestern University\Desktop\2021-2022 Academic Year\Winter 2022\Comp_Sci 339\Lab 2\comp_sci-339-lab1" />
    <property name="file.separator" value="\" />
    <property name="java.vm.compressedOopsMode" value="32-bit" />
    <property name="line.separator" value="&#xd;&#xa;" />
    <property name="ant.java.version" value="14" />
    <property name="java.specification.name" value="Java Platform API Specification" />
    <property name="java.vm.specification.vendor" value="Oracle Corporation" />
    <property name="doc" value="C:\Users\danie\OneDrive - Northwestern University\Desktop\2021-2022 Academic Year\Winter 2022\Comp_Sci 339\Lab 2\comp_sci-339-lab1\javadoc" />
    <property name="user.script" value="" />
    <property name="sun.management.compiler" value="HotSpot 64-Bit Tiered Compilers" />
    <property name="jarfile" value="C:\Users\danie\OneDrive - Northwestern University\Desktop\2021-2022 Academic Year\Winter 2022\Comp_Sci 339\Lab 2\comp_sci-339-lab1\dist\simpledb.jar" />
    <property name="java.runtime.version" value="14.0.2+12-46" />
    <property name="user.name" value="danie" />
    <property name="ant.file" value="C:\Users\danie\OneDrive - Northwestern University\Desktop\2021-2022 Academic Year\Winter 2022\Comp_Sci 339\Lab 2\comp_sci-339-lab1\build.xml" />
    <property name="path.separator" value=";" />
    <property name="os.version" value="10.0" />
    <property name="build.test" value="C:\Users\danie\OneDrive - Northwestern University\Desktop\2021-2022 Academic Year\Winter 2022\Comp_Sci 339\Lab 2\comp_sci-339-lab1\bin\test" />
    <property name="java.runtime.name" value="Java(TM) SE Runtime Environment" />
    <property name="ant.project.invoked-targets" value="test-report" />
    <property name="file.encoding" value="Cp1252" />
    <property name="java.vm.name" value="Java HotSpot(TM) 64-Bit Server VM" />
    <property name="depcache" value="C:\Users\danie\OneDrive - Northwestern University\Desktop\2021-2022 Academic Year\Winter 2022\Comp_Sci 339\Lab 2\comp_sci-339-lab1\bin\depcache" />
    <property name="ant.core.lib" value="C:\Program Files\JetBrains\IntelliJ IDEA 2021.3.2\lib\ant\lib\ant.jar" />
    <property name="java.vendor.url.bug" value="https://bugreport.java.com/bugreport/" />
    <property name="java.io.tmpdir" value="C:\Users\danie\AppData\Local\Temp\" />
    <property name="src" value="C:\Users\danie\OneDrive - Northwestern University\Desktop\2021-2022 Academic Year\Winter 2022\Comp_Sci 339\Lab 2\comp_sci-339-lab1\src" />
    <property name="java.version" value="14.0.2" />
    <property name="user.dir" value="C:\Users\danie\OneDrive - Northwestern University\Desktop\2021-2022 Academic Year\Winter 2022\Comp_Sci 339\Lab 2\comp_sci-339-lab1" />
    <property name="os.arch" value="amd64" />
    <property name="java.vm.specification.name" value="Java Virtual Machine Specification" />
    <property name="ant.home" value="C:\Program Files\JetBrains\IntelliJ IDEA 2021.3.2\lib\ant" />
    <property name="ant.file.type.simpledb" value="file" />
    <property name="sun.os.patch.level" value="" />
    <property name="ant.version" value="Apache Ant(TM) version 1.10.5 compiled on July 10 2018" />
    <property name="java.library.path" value="C:\Program Files\Java\jdk-14.0.2\bin;C:\WINDOWS\Sun\Java\bin;C:\WINDOWS\system32;C:\WINDOWS;C:\Python38\Scripts\;C:\Python38\;C:\Program Files\NVIDIA GPU Computing Toolkit\CUDA\v11.1\bin;C:\Program Files\NVIDIA GPU Computing Toolkit\CUDA\v11.1\libnvvp;C:\Windows\system32;C:\Windows;C:\Windows\System32\Wbem;C:\Windows\System32\WindowsPowerShell\v1.0\;C:\Windows\System32\OpenSSH\;C:\Program Files (x86)\NVIDIA Corporation\PhysX\Common;C:\Program Files\NVIDIA Corporation\NVIDIA NvDLISR;C:\Program Files\MATLAB\R2020a\bin;C:\Program Files\Java\jdk-14.0.2\bin;C:\Program Files\Microsoft SQL Server\130\Tools\Binn\;C:\Program Files\Microsoft SQL Server\Client SDK\ODBC\170\Tools\Binn\;C:\Program Files\nodejs\;C:\ProgramData\chocolatey\bin;C:\Program Files\Git\cmd;C:\WINDOWS\system32;C:\WINDOWS;C:\WINDOWS\System32\Wbem;C:\WINDOWS\System32\WindowsPowerShell\v1.0\;C:\WINDOWS\System32\OpenSSH\;C:\Program Files\NVIDIA Corporation\Nsight Compute 2020.2.0\;C:\Program Files (x86)\QuickTime\QTSystem\;C:\Program Files\dotnet\;C:\Program Files\PostgreSQL\14\bin;C:\Python38\Scripts\;C:\Python38\;C:\Program Files\MySQL\MySQL Shell 8.0\bin\;C:\Users\danie\AppData\Local\Programs\Python\Python37\Scripts\;C:\Users\danie\AppData\Local\Programs\Python\Python37\;C:\Users\danie\AppData\Local\Microsoft\WindowsApps;C:\Program Files\JetBrains\IntelliJ IDEA Community Edition 2020.2\bin;;C:\Users\danie\AppData\Local\Programs\Microsoft VS Code\bin;C:\Users\danie\AppData\Roaming\npm;C:\Users\danie\AppData\Local\GitHubDesktop\bin;C:\Users\danie\.dotnet\tools;C:\Program Files (x86)\apache-ant-1.10.12\bin;;." />
    <property name="java.vm.info" value="mixed mode, sharing" />
    <property name="java.vendor" value="Oracle Corporation" />
    <property name="build" value="C:\Users\danie\OneDrive - Northwestern University\Desktop\2021-2022 Academic Year\Winter 2022\Comp_Sci 339\Lab 2\comp_sci-339-lab1\bin" />
    <property name="java.vm.version" value="14.0.2+12-46" />
    <property name="sun.io.unicode.encoding" value="UnicodeLittle" />
    <property name="java.class.version" value="58.0" />
    <property name="ant.project.default-target" value="dist" />
  </properties>
  <testcase classname="simpledb.HeapFileReadTest" name="getTupleDesc" time="0.049" />
  <testcase classname="simpledb.HeapFileReadTest" name="numPages" time="0.003" />
  <testcase classname="simpledb.HeapFileReadTest" name="readPage" time="0.017" />
  <testcase classname="simpledb.HeapFileReadTest" name="getId" time="0.005" />
  <testcase classname="simpledb.HeapFileReadTest" name="testIteratorBasic" time="0.016" />
  <testcase classname="simpledb.HeapFileReadTest" name="testIteratorClose" time="0.017" />
  <system-out><![CDATA[-2018919754
0
309684826
0
1014696139
0
]]></system-out>
  <system-err><![CDATA[]]></system-err>
</testsuite>
